Working directory set to: /orfeo/cephfs/home/dssc/enricosavorgnan/2026-neural-sde
Activating virtual environment from .venv...
Training model using configuration: code/config/latent_sde/config_lorenz.yaml
Traceback (most recent call last):
  File "/orfeo/cephfs/home/dssc/enricosavorgnan/2026-neural-sde/code/src/latent_sde.py", line 552, in <module>
    sde = LatentSDETrainer(config_path=args.config)
  File "/orfeo/cephfs/home/dssc/enricosavorgnan/2026-neural-sde/code/src/latent_sde.py", line 264, in __init__
    config = yaml.safe_load(f)
  File "/orfeo/cephfs/home/dssc/enricosavorgnan/2026-neural-sde/.venv/lib64/python3.13/site-packages/yaml/__init__.py", line 125, in safe_load
    return load(stream, SafeLoader)
  File "/orfeo/cephfs/home/dssc/enricosavorgnan/2026-neural-sde/.venv/lib64/python3.13/site-packages/yaml/__init__.py", line 81, in load
    return loader.get_single_data()
           ~~~~~~~~~~~~~~~~~~~~~~^^
  File "/orfeo/cephfs/home/dssc/enricosavorgnan/2026-neural-sde/.venv/lib64/python3.13/site-packages/yaml/constructor.py", line 49, in get_single_data
    node = self.get_single_node()
  File "/orfeo/cephfs/home/dssc/enricosavorgnan/2026-neural-sde/.venv/lib64/python3.13/site-packages/yaml/composer.py", line 36, in get_single_node
    document = self.compose_document()
  File "/orfeo/cephfs/home/dssc/enricosavorgnan/2026-neural-sde/.venv/lib64/python3.13/site-packages/yaml/composer.py", line 58, in compose_document
    self.get_event()
    ~~~~~~~~~~~~~~^^
  File "/orfeo/cephfs/home/dssc/enricosavorgnan/2026-neural-sde/.venv/lib64/python3.13/site-packages/yaml/parser.py", line 118, in get_event
    self.current_event = self.state()
                         ~~~~~~~~~~^^
  File "/orfeo/cephfs/home/dssc/enricosavorgnan/2026-neural-sde/.venv/lib64/python3.13/site-packages/yaml/parser.py", line 193, in parse_document_end
    token = self.peek_token()
  File "/orfeo/cephfs/home/dssc/enricosavorgnan/2026-neural-sde/.venv/lib64/python3.13/site-packages/yaml/scanner.py", line 129, in peek_token
    self.fetch_more_tokens()
    ~~~~~~~~~~~~~~~~~~~~~~^^
  File "/orfeo/cephfs/home/dssc/enricosavorgnan/2026-neural-sde/.venv/lib64/python3.13/site-packages/yaml/scanner.py", line 223, in fetch_more_tokens
    return self.fetch_value()
           ~~~~~~~~~~~~~~~~^^
  File "/orfeo/cephfs/home/dssc/enricosavorgnan/2026-neural-sde/.venv/lib64/python3.13/site-packages/yaml/scanner.py", line 577, in fetch_value
    raise ScannerError(None, None,
            "mapping values are not allowed here",
            self.get_mark())
yaml.scanner.ScannerError: mapping values are not allowed here
  in "code/config/latent_sde/config_lorenz.yaml", line 4, column 5
Job completed successfully.
